<?xml version="1.0" encoding="UTF-8"?>
<!-- Generated by org.testng.reporters.JUnitXMLReporter -->
<testsuite ignored="0" hostname="Lenovo-PC" failures="1" tests="1" name="Default test" time="14.68" errors="0" timestamp="2024-07-03T11:30:37 AEST">
  <testcase classname="io.cucumber.testng.AbstractTestNGCucumberTests" name="runScenario" time="7.598">
    <failure type="java.lang.Error" message="Unresolved compilation problems: 
	Syntax error on token &amp;quot;.&amp;quot;, delete this token
	Type mismatch: cannot convert from void to boolean
">
      <![CDATA[java.lang.Error: Unresolved compilation problems: 
Syntax error on token ".", delete this token
Type mismatch: cannot convert from void to boolean

at stepDefinition.LoginSteps.customer_is_already_in_homepage(LoginSteps.java:15)
at ✽.Customer is already in homepage(file:///C:/Users/Vivek/Desktop/automation/Selenium1/src/test/resources/features/LoginPage.feature:4)
]]>
    </failure>
  </testcase> <!-- runScenario -->
</testsuite> <!-- Default test -->
