<?xml version="1.0" encoding="UTF-8"?>
<testng-results ignored="0" total="1" passed="0" failed="1" skipped="0">
  <reporter-output>
  </reporter-output>
  <suite started-at="2024-07-03T11:30:22 AEST" name="Default suite" finished-at="2024-07-03T11:30:37 AEST" duration-ms="14680">
    <groups>
      <group name="cucumber">
        <method signature="AbstractTestNGCucumberTests.runScenario(io.cucumber.testng.PickleWrapper,io.cucumber.testng.FeatureWrapper)[pri:0, instance:TestRunner.MyTestRunner@1a6d8329]" name="runScenario" class="io.cucumber.testng.AbstractTestNGCucumberTests"/>
      </group> <!-- cucumber -->
    </groups>
    <test started-at="2024-07-03T11:30:22 AEST" name="Default test" finished-at="2024-07-03T11:30:37 AEST" duration-ms="14680">
      <class name="TestRunner.MyTestRunner">
        <test-method is-config="true" signature="setUpClass(org.testng.ITestContext)[pri:0, instance:TestRunner.MyTestRunner@1a6d8329]" started-at="2024-07-03T11:30:22 AEST" name="setUpClass" finished-at="2024-07-03T11:30:23 AEST" duration-ms="799" status="PASS">
          <params>
            <param index="0">
              <value>
                <![CDATA[org.testng.TestRunner@35267fd4]]>
              </value>
            </param>
          </params>
          <reporter-output>
          </reporter-output>
        </test-method> <!-- setUpClass -->
        <test-method signature="runScenario(io.cucumber.testng.PickleWrapper,io.cucumber.testng.FeatureWrapper)[pri:0, instance:TestRunner.MyTestRunner@1a6d8329]" started-at="2024-07-03T11:30:23 AEST" name="runScenario" description="Runs Cucumber Scenarios" data-provider="scenarios" finished-at="2024-07-03T11:30:31 AEST" duration-ms="7598" status="FAIL">
          <params>
            <param index="0">
              <value>
                <![CDATA["Add single product into the cart"]]>
              </value>
            </param>
            <param index="1">
              <value>
                <![CDATA["Add To Cart"]]>
              </value>
            </param>
          </params>
          <exception class="java.lang.Error">
            <message>
              <![CDATA[Unresolved compilation problems: 
Syntax error on token ".", delete this token
Type mismatch: cannot convert from void to boolean
]]>
            </message>
            <full-stacktrace>
              <![CDATA[java.lang.Error: Unresolved compilation problems: 
Syntax error on token ".", delete this token
Type mismatch: cannot convert from void to boolean

at stepDefinition.LoginSteps.customer_is_already_in_homepage(LoginSteps.java:15)
at ✽.Customer is already in homepage(file:///C:/Users/Vivek/Desktop/automation/Selenium1/src/test/resources/features/LoginPage.feature:4)
]]>
            </full-stacktrace>
          </exception> <!-- java.lang.Error -->
          <reporter-output>
          </reporter-output>
        </test-method> <!-- runScenario -->
        <test-method is-config="true" signature="tearDownClass()[pri:0, instance:TestRunner.MyTestRunner@1a6d8329]" started-at="2024-07-03T11:30:31 AEST" name="tearDownClass" finished-at="2024-07-03T11:30:37 AEST" duration-ms="6240" status="PASS">
          <reporter-output>
          </reporter-output>
        </test-method> <!-- tearDownClass -->
      </class> <!-- TestRunner.MyTestRunner -->
    </test> <!-- Default test -->
  </suite> <!-- Default suite -->
</testng-results>
