<?xml version="1.0" encoding="UTF-8"?>
<testng-results ignored="0" total="1" passed="1" failed="0" skipped="0">
  <reporter-output>
  </reporter-output>
  <suite started-at="2024-07-03T11:11:26 AEST" name="Default suite" finished-at="2024-07-03T11:11:37 AEST" duration-ms="10856">
    <groups>
      <group name="cucumber">
        <method signature="AbstractTestNGCucumberTests.runScenario(io.cucumber.testng.PickleWrapper,io.cucumber.testng.FeatureWrapper)[pri:0, instance:TestRunner.MyTestRunner@1a6d8329]" name="runScenario" class="io.cucumber.testng.AbstractTestNGCucumberTests"/>
      </group> <!-- cucumber -->
    </groups>
    <test started-at="2024-07-03T11:11:26 AEST" name="Default test" finished-at="2024-07-03T11:11:37 AEST" duration-ms="10856">
      <class name="TestRunner.MyTestRunner">
        <test-method is-config="true" signature="setUpClass(org.testng.ITestContext)[pri:0, instance:TestRunner.MyTestRunner@1a6d8329]" started-at="2024-07-03T11:11:26 AEST" name="setUpClass" finished-at="2024-07-03T11:11:27 AEST" duration-ms="957" status="PASS">
          <params>
            <param index="0">
              <value>
                <![CDATA[org.testng.TestRunner@3ad4a7d6]]>
              </value>
            </param>
          </params>
          <reporter-output>
          </reporter-output>
        </test-method> <!-- setUpClass -->
        <test-method signature="runScenario(io.cucumber.testng.PickleWrapper,io.cucumber.testng.FeatureWrapper)[pri:0, instance:TestRunner.MyTestRunner@1a6d8329]" started-at="2024-07-03T11:11:27 AEST" name="runScenario" description="Runs Cucumber Scenarios" data-provider="scenarios" finished-at="2024-07-03T11:11:34 AEST" duration-ms="7147" status="PASS">
          <params>
            <param index="0">
              <value>
                <![CDATA["Add single product into the cart"]]>
              </value>
            </param>
            <param index="1">
              <value>
                <![CDATA["Add To Cart"]]>
              </value>
            </param>
          </params>
          <reporter-output>
          </reporter-output>
        </test-method> <!-- runScenario -->
        <test-method is-config="true" signature="tearDownClass()[pri:0, instance:TestRunner.MyTestRunner@1a6d8329]" started-at="2024-07-03T11:11:34 AEST" name="tearDownClass" finished-at="2024-07-03T11:11:37 AEST" duration-ms="2698" status="PASS">
          <reporter-output>
          </reporter-output>
        </test-method> <!-- tearDownClass -->
      </class> <!-- TestRunner.MyTestRunner -->
    </test> <!-- Default test -->
  </suite> <!-- Default suite -->
</testng-results>
