<?xml version="1.0" encoding="UTF-8"?>
<testng-results ignored="0" total="1" passed="1" failed="0" skipped="0">
  <reporter-output>
  </reporter-output>
  <suite started-at="2024-07-02T14:37:08 AEST" name="Default suite" finished-at="2024-07-02T14:37:15 AEST" duration-ms="6895">
    <groups>
      <group name="cucumber">
        <method signature="AbstractTestNGCucumberTests.runScenario(io.cucumber.testng.PickleWrapper,io.cucumber.testng.FeatureWrapper)[pri:0, instance:TestRunner.MyTestRunner@1a6d8329]" name="runScenario" class="io.cucumber.testng.AbstractTestNGCucumberTests"/>
      </group> <!-- cucumber -->
    </groups>
    <test started-at="2024-07-02T14:37:08 AEST" name="Default test" finished-at="2024-07-02T14:37:15 AEST" duration-ms="6895">
      <class name="TestRunner.MyTestRunner">
        <test-method is-config="true" signature="setUpClass(org.testng.ITestContext)[pri:0, instance:TestRunner.MyTestRunner@1a6d8329]" started-at="2024-07-02T14:37:08 AEST" name="setUpClass" finished-at="2024-07-02T14:37:08 AEST" duration-ms="389" status="PASS">
          <params>
            <param index="0">
              <value>
                <![CDATA[org.testng.TestRunner@6daf2337]]>
              </value>
            </param>
          </params>
          <reporter-output>
          </reporter-output>
        </test-method> <!-- setUpClass -->
        <test-method signature="runScenario(io.cucumber.testng.PickleWrapper,io.cucumber.testng.FeatureWrapper)[pri:0, instance:TestRunner.MyTestRunner@1a6d8329]" started-at="2024-07-02T14:37:08 AEST" name="runScenario" description="Runs Cucumber Scenarios" data-provider="scenarios" finished-at="2024-07-02T14:37:15 AEST" duration-ms="6441" status="PASS">
          <params>
            <param index="0">
              <value>
                <![CDATA["Add single product into the cart"]]>
              </value>
            </param>
            <param index="1">
              <value>
                <![CDATA["Add To Cart"]]>
              </value>
            </param>
          </params>
          <reporter-output>
          </reporter-output>
        </test-method> <!-- runScenario -->
        <test-method is-config="true" signature="tearDownClass()[pri:0, instance:TestRunner.MyTestRunner@1a6d8329]" started-at="2024-07-02T14:37:15 AEST" name="tearDownClass" finished-at="2024-07-02T14:37:15 AEST" duration-ms="15" status="PASS">
          <reporter-output>
          </reporter-output>
        </test-method> <!-- tearDownClass -->
      </class> <!-- TestRunner.MyTestRunner -->
    </test> <!-- Default test -->
  </suite> <!-- Default suite -->
</testng-results>
