<?xml version="1.0" encoding="UTF-8"?>
<!-- Generated by org.testng.reporters.JUnitReportReporter -->
<testsuite hostname="Lenovo-PC" failures="0" tests="1" name="TestRunner.MyTestRunner" time="7.598" errors="1" timestamp="2024-07-03T11:30:37 AEST" skipped="0">
  <testcase classname="TestRunner.MyTestRunner" name="runScenario" time="7.598">
    <error message="Unresolved compilation problems: 
	Syntax error on token &quot;.&quot;, delete this token
	Type mismatch: cannot convert from void to boolean
" type="java.lang.Error">
      <![CDATA[java.lang.Error: Unresolved compilation problems: 
Syntax error on token ".", delete this token
Type mismatch: cannot convert from void to boolean

at stepDefinition.LoginSteps.customer_is_already_in_homepage(LoginSteps.java:15)
at ✽.Customer is already in homepage(file:///C:/Users/Vivek/Desktop/automation/Selenium1/src/test/resources/features/LoginPage.feature:4)
]]>
    </error>
  </testcase> <!-- runScenario -->
  <system-out/>
</testsuite> <!-- TestRunner.MyTestRunner -->
